<?xml version="1.0" encoding="utf-8" standalone="no"?>
<!--This file represents the results of running a test suite-->
<test-results name="" total="1" errors="0" failures="0" not-run="0" inconclusive="0" ignored="0" skipped="0" invalid="0" date="2016-04-26" time="10:40:03">
  <environment nunit-version="1.0.0.0" clr-version="4.0.30319.42000" os-version="Microsoft Windows NT 6.1.7601 Service Pack 1" platform="Win32NT" cwd="C:\Program Files (x86)\Jenkins\workspace\AutoDesk\AutoDesk.Dynamo" machine-name="NITISHE" user="SYSTEM" user-domain="CLARICE" />
  <culture-info current-culture="en-IN" current-uiculture="en-US" />
  <test-suite type="Assembly" name="C:\Program Files (x86)\Jenkins\workspace\AutoDesk\AutoDesk.Dynamo\bin\Debug\AutoDesk.Dynamo.dll" executed="True" result="Success" success="True" time="58.341" asserts="0">
    <properties>
      <property name="_PID" value="4516" />
      <property name="_APPDOMAIN" value="test-domain-" />
    </properties>
    <results>
      <test-suite type="TestSuite" name="Auto" executed="True" result="Success" success="True" time="58.330" asserts="0">
        <results>
          <test-suite type="TestSuite" name="Dynamo" executed="True" result="Success" success="True" time="58.330" asserts="0">
            <results>
              <test-suite type="TestSuite" name="TestSuite" executed="True" result="Success" success="True" time="58.330" asserts="0">
                <results>
                  <test-suite type="TestFixture" name="HomePageTestSuite" executed="True" result="Success" success="True" time="58.327" asserts="0">
                    <results>
                      <test-case name="Auto.Dynamo.TestSuite.HomePageTestSuite.TC001_VerifySearchPage" executed="True" result="Success" success="True" time="58.312" asserts="0" />
                    </results>
                  </test-suite>
                </results>
              </test-suite>
            </results>
          </test-suite>
        </results>
      </test-suite>
    </results>
  </test-suite>
</test-results>